[2025-12-14T04:59:36.192+0000] {taskinstance.py:1159} INFO - Dependencies all met for dep_context=non-requeueable deps ti=<TaskInstance: price_prediction_nightly.store_predictions scheduled__2025-12-12T22:00:00+00:00 [queued]>
[2025-12-14T04:59:36.195+0000] {taskinstance.py:1159} INFO - Dependencies all met for dep_context=requeueable deps ti=<TaskInstance: price_prediction_nightly.store_predictions scheduled__2025-12-12T22:00:00+00:00 [queued]>
[2025-12-14T04:59:36.195+0000] {taskinstance.py:1361} INFO - Starting attempt 2 of 3
[2025-12-14T04:59:36.203+0000] {taskinstance.py:1382} INFO - Executing <Task(PythonOperator): store_predictions> on 2025-12-12 22:00:00+00:00
[2025-12-14T04:59:36.206+0000] {standard_task_runner.py:57} INFO - Started process 86 to run task
[2025-12-14T04:59:36.208+0000] {standard_task_runner.py:84} INFO - Running: ['airflow', 'tasks', 'run', 'price_prediction_nightly', 'store_predictions', 'scheduled__2025-12-12T22:00:00+00:00', '--job-id', '10', '--raw', '--subdir', 'DAGS_FOLDER/prediction_dag.py', '--cfg-path', '/tmp/tmpf8xkt691']
[2025-12-14T04:59:36.209+0000] {standard_task_runner.py:85} INFO - Job 10: Subtask store_predictions
[2025-12-14T04:59:36.302+0000] {task_command.py:416} INFO - Running <TaskInstance: price_prediction_nightly.store_predictions scheduled__2025-12-12T22:00:00+00:00 [running]> on host c843fcd90f67
[2025-12-14T04:59:36.324+0000] {taskinstance.py:1662} INFO - Exporting env vars: AIRFLOW_CTX_DAG_EMAIL='alerts@belly.local' AIRFLOW_CTX_DAG_OWNER='belly-team' AIRFLOW_CTX_DAG_ID='price_prediction_nightly' AIRFLOW_CTX_TASK_ID='store_predictions' AIRFLOW_CTX_EXECUTION_DATE='2025-12-12T22:00:00+00:00' AIRFLOW_CTX_TRY_NUMBER='2' AIRFLOW_CTX_DAG_RUN_ID='scheduled__2025-12-12T22:00:00+00:00'
[2025-12-14T04:59:36.325+0000] {prediction_dag.py:221} INFO - üíæ Storing predictions in database...
[2025-12-14T04:59:36.327+0000] {db_service.py:49} WARNING - ‚ö†Ô∏è No API key provided - requests may fail
[2025-12-14T04:59:36.334+0000] {db_service.py:94} ERROR - Ping failed: Request URL is missing an 'http://' or 'https://' protocol.
[2025-12-14T04:59:36.334+0000] {db_service.py:64} ERROR - ‚ùå Supabase connection test failed
[2025-12-14T04:59:36.334+0000] {taskinstance.py:1937} ERROR - Task failed with exception
Traceback (most recent call last):
  File "/home/airflow/.local/lib/python3.11/site-packages/airflow/operators/python.py", line 192, in execute
    return_value = self.execute_callable()
                   ^^^^^^^^^^^^^^^^^^^^^^^
  File "/home/airflow/.local/lib/python3.11/site-packages/airflow/operators/python.py", line 209, in execute_callable
    return self.python_callable(*self.op_args, **self.op_kwargs)
           ^^^^^^^^^^^^^^^^^^^^^^^^^^^^^^^^^^^^^^^^^^^^^^^^^^^^^
  File "/home/airflow/dags/prediction_dag.py", line 241, in store_predictions
    asyncio.run(store())
  File "/usr/local/lib/python3.11/asyncio/runners.py", line 190, in run
    return runner.run(main)
           ^^^^^^^^^^^^^^^^
  File "/usr/local/lib/python3.11/asyncio/runners.py", line 118, in run
    return self._loop.run_until_complete(task)
           ^^^^^^^^^^^^^^^^^^^^^^^^^^^^^^^^^^^
  File "/usr/local/lib/python3.11/asyncio/base_events.py", line 653, in run_until_complete
    return future.result()
           ^^^^^^^^^^^^^^^
  File "/home/airflow/dags/prediction_dag.py", line 230, in store
    prediction_24h=predictions.get("prediction_24h", 0),
                   ^^^^^^^^^^^^^^^
AttributeError: 'NoneType' object has no attribute 'get'
[2025-12-14T04:59:36.337+0000] {taskinstance.py:1400} INFO - Marking task as UP_FOR_RETRY. dag_id=price_prediction_nightly, task_id=store_predictions, execution_date=20251212T220000, start_date=20251214T045936, end_date=20251214T045936
[2025-12-14T04:59:36.343+0000] {logging_mixin.py:154} WARNING - /home/airflow/.local/lib/python3.11/site-packages/airflow/utils/email.py:154 RemovedInAirflow3Warning: Fetching SMTP credentials from configuration variables will be deprecated in a future release. Please set credentials using a connection instead.
[2025-12-14T04:59:36.344+0000] {configuration.py:1050} WARNING - section/key [smtp/smtp_user] not found in config
[2025-12-14T04:59:36.344+0000] {email.py:270} INFO - Email alerting: attempt 1
[2025-12-14T04:59:36.345+0000] {configuration.py:1050} WARNING - section/key [smtp/smtp_user] not found in config
[2025-12-14T04:59:36.345+0000] {email.py:270} INFO - Email alerting: attempt 1
[2025-12-14T04:59:36.346+0000] {taskinstance.py:2007} ERROR - Failed to send email to: ['alerts@belly.local']
Traceback (most recent call last):
  File "/home/airflow/.local/lib/python3.11/site-packages/airflow/models/taskinstance.py", line 1518, in _run_raw_task
    self._execute_task_with_callbacks(context, test_mode, session=session)
  File "/home/airflow/.local/lib/python3.11/site-packages/airflow/models/taskinstance.py", line 1681, in _execute_task_with_callbacks
    result = self._execute_task(context, task_orig)
             ^^^^^^^^^^^^^^^^^^^^^^^^^^^^^^^^^^^^^^
  File "/home/airflow/.local/lib/python3.11/site-packages/airflow/models/taskinstance.py", line 1744, in _execute_task
    result = execute_callable(context=context, **execute_callable_kwargs)
             ^^^^^^^^^^^^^^^^^^^^^^^^^^^^^^^^^^^^^^^^^^^^^^^^^^^^^^^^^^^^
  File "/home/airflow/.local/lib/python3.11/site-packages/airflow/operators/python.py", line 192, in execute
    return_value = self.execute_callable()
                   ^^^^^^^^^^^^^^^^^^^^^^^
  File "/home/airflow/.local/lib/python3.11/site-packages/airflow/operators/python.py", line 209, in execute_callable
    return self.python_callable(*self.op_args, **self.op_kwargs)
           ^^^^^^^^^^^^^^^^^^^^^^^^^^^^^^^^^^^^^^^^^^^^^^^^^^^^^
  File "/home/airflow/dags/prediction_dag.py", line 241, in store_predictions
    asyncio.run(store())
  File "/usr/local/lib/python3.11/asyncio/runners.py", line 190, in run
    return runner.run(main)
           ^^^^^^^^^^^^^^^^
  File "/usr/local/lib/python3.11/asyncio/runners.py", line 118, in run
    return self._loop.run_until_complete(task)
           ^^^^^^^^^^^^^^^^^^^^^^^^^^^^^^^^^^^
  File "/usr/local/lib/python3.11/asyncio/base_events.py", line 653, in run_until_complete
    return future.result()
           ^^^^^^^^^^^^^^^
  File "/home/airflow/dags/prediction_dag.py", line 230, in store
    prediction_24h=predictions.get("prediction_24h", 0),
                   ^^^^^^^^^^^^^^^
AttributeError: 'NoneType' object has no attribute 'get'

During handling of the above exception, another exception occurred:

Traceback (most recent call last):
  File "/home/airflow/.local/lib/python3.11/site-packages/airflow/models/taskinstance.py", line 2420, in email_alert
    send_email(task.email, subject, html_content)
  File "/home/airflow/.local/lib/python3.11/site-packages/airflow/utils/email.py", line 80, in send_email
    return backend(
           ^^^^^^^^
  File "/home/airflow/.local/lib/python3.11/site-packages/airflow/utils/email.py", line 154, in send_email_smtp
    send_mime_email(e_from=mail_from, e_to=recipients, mime_msg=msg, conn_id=conn_id, dryrun=dryrun)
  File "/home/airflow/.local/lib/python3.11/site-packages/airflow/utils/email.py", line 272, in send_mime_email
    smtp_conn = _get_smtp_connection(smtp_host, smtp_port, smtp_timeout, smtp_ssl)
                ^^^^^^^^^^^^^^^^^^^^^^^^^^^^^^^^^^^^^^^^^^^^^^^^^^^^^^^^^^^^^^^^^^
  File "/home/airflow/.local/lib/python3.11/site-packages/airflow/utils/email.py", line 316, in _get_smtp_connection
    return smtplib.SMTP(host=host, port=port, timeout=timeout)
           ^^^^^^^^^^^^^^^^^^^^^^^^^^^^^^^^^^^^^^^^^^^^^^^^^^^
  File "/usr/local/lib/python3.11/smtplib.py", line 255, in __init__
    (code, msg) = self.connect(host, port)
                  ^^^^^^^^^^^^^^^^^^^^^^^^
  File "/usr/local/lib/python3.11/smtplib.py", line 341, in connect
    self.sock = self._get_socket(host, port, self.timeout)
                ^^^^^^^^^^^^^^^^^^^^^^^^^^^^^^^^^^^^^^^^^^
  File "/usr/local/lib/python3.11/smtplib.py", line 312, in _get_socket
    return socket.create_connection((host, port), timeout,
           ^^^^^^^^^^^^^^^^^^^^^^^^^^^^^^^^^^^^^^^^^^^^^^^
  File "/usr/local/lib/python3.11/socket.py", line 851, in create_connection
    raise exceptions[0]
  File "/usr/local/lib/python3.11/socket.py", line 836, in create_connection
    sock.connect(sa)
ConnectionRefusedError: [Errno 111] Connection refused

During handling of the above exception, another exception occurred:

Traceback (most recent call last):
  File "/home/airflow/.local/lib/python3.11/site-packages/airflow/models/taskinstance.py", line 2005, in handle_failure
    self.email_alert(error, task)
  File "/home/airflow/.local/lib/python3.11/site-packages/airflow/models/taskinstance.py", line 2422, in email_alert
    send_email(task.email, subject, html_content_err)
  File "/home/airflow/.local/lib/python3.11/site-packages/airflow/utils/email.py", line 80, in send_email
    return backend(
           ^^^^^^^^
  File "/home/airflow/.local/lib/python3.11/site-packages/airflow/utils/email.py", line 154, in send_email_smtp
    send_mime_email(e_from=mail_from, e_to=recipients, mime_msg=msg, conn_id=conn_id, dryrun=dryrun)
  File "/home/airflow/.local/lib/python3.11/site-packages/airflow/utils/email.py", line 272, in send_mime_email
    smtp_conn = _get_smtp_connection(smtp_host, smtp_port, smtp_timeout, smtp_ssl)
                ^^^^^^^^^^^^^^^^^^^^^^^^^^^^^^^^^^^^^^^^^^^^^^^^^^^^^^^^^^^^^^^^^^
  File "/home/airflow/.local/lib/python3.11/site-packages/airflow/utils/email.py", line 316, in _get_smtp_connection
    return smtplib.SMTP(host=host, port=port, timeout=timeout)
           ^^^^^^^^^^^^^^^^^^^^^^^^^^^^^^^^^^^^^^^^^^^^^^^^^^^
  File "/usr/local/lib/python3.11/smtplib.py", line 255, in __init__
    (code, msg) = self.connect(host, port)
                  ^^^^^^^^^^^^^^^^^^^^^^^^
  File "/usr/local/lib/python3.11/smtplib.py", line 341, in connect
    self.sock = self._get_socket(host, port, self.timeout)
                ^^^^^^^^^^^^^^^^^^^^^^^^^^^^^^^^^^^^^^^^^^
  File "/usr/local/lib/python3.11/smtplib.py", line 312, in _get_socket
    return socket.create_connection((host, port), timeout,
           ^^^^^^^^^^^^^^^^^^^^^^^^^^^^^^^^^^^^^^^^^^^^^^^
  File "/usr/local/lib/python3.11/socket.py", line 851, in create_connection
    raise exceptions[0]
  File "/usr/local/lib/python3.11/socket.py", line 836, in create_connection
    sock.connect(sa)
ConnectionRefusedError: [Errno 111] Connection refused
[2025-12-14T04:59:36.351+0000] {standard_task_runner.py:104} ERROR - Failed to execute job 10 for task store_predictions ('NoneType' object has no attribute 'get'; 86)
[2025-12-14T04:59:36.380+0000] {local_task_job_runner.py:228} INFO - Task exited with return code 1
[2025-12-14T04:59:36.453+0000] {taskinstance.py:2778} INFO - 0 downstream tasks scheduled from follow-on schedule check
[2025-12-14T13:21:17.262+0000] {taskinstance.py:1159} INFO - Dependencies all met for dep_context=non-requeueable deps ti=<TaskInstance: price_prediction_nightly.store_predictions scheduled__2025-12-12T22:00:00+00:00 [queued]>
[2025-12-14T13:21:17.268+0000] {taskinstance.py:1159} INFO - Dependencies all met for dep_context=requeueable deps ti=<TaskInstance: price_prediction_nightly.store_predictions scheduled__2025-12-12T22:00:00+00:00 [queued]>
[2025-12-14T13:21:17.268+0000] {taskinstance.py:1361} INFO - Starting attempt 2 of 3
[2025-12-14T13:21:17.280+0000] {taskinstance.py:1382} INFO - Executing <Task(PythonOperator): store_predictions> on 2025-12-12 22:00:00+00:00
[2025-12-14T13:21:17.284+0000] {standard_task_runner.py:57} INFO - Started process 129 to run task
[2025-12-14T13:21:17.287+0000] {standard_task_runner.py:84} INFO - Running: ['airflow', 'tasks', 'run', 'price_prediction_nightly', 'store_predictions', 'scheduled__2025-12-12T22:00:00+00:00', '--job-id', '8', '--raw', '--subdir', 'DAGS_FOLDER/prediction_dag.py', '--cfg-path', '/tmp/tmpzd9ht97c']
[2025-12-14T13:21:17.288+0000] {standard_task_runner.py:85} INFO - Job 8: Subtask store_predictions
[2025-12-14T13:21:17.448+0000] {task_command.py:416} INFO - Running <TaskInstance: price_prediction_nightly.store_predictions scheduled__2025-12-12T22:00:00+00:00 [running]> on host d3dadd96ebe1
[2025-12-14T13:21:17.503+0000] {taskinstance.py:1662} INFO - Exporting env vars: AIRFLOW_CTX_DAG_EMAIL='alerts@belly.local' AIRFLOW_CTX_DAG_OWNER='belly-team' AIRFLOW_CTX_DAG_ID='price_prediction_nightly' AIRFLOW_CTX_TASK_ID='store_predictions' AIRFLOW_CTX_EXECUTION_DATE='2025-12-12T22:00:00+00:00' AIRFLOW_CTX_TRY_NUMBER='2' AIRFLOW_CTX_DAG_RUN_ID='scheduled__2025-12-12T22:00:00+00:00'
[2025-12-14T13:21:17.504+0000] {prediction_dag.py:221} INFO - üíæ Storing predictions in database...
[2025-12-14T13:21:17.509+0000] {db_service.py:53} WARNING - ‚ö†Ô∏è No API key provided - requests may fail
[2025-12-14T13:21:17.528+0000] {db_service.py:98} ERROR - Ping failed: Request URL is missing an 'http://' or 'https://' protocol.
[2025-12-14T13:21:17.529+0000] {db_service.py:68} ERROR - ‚ùå Supabase connection test failed
[2025-12-14T13:21:17.529+0000] {taskinstance.py:1937} ERROR - Task failed with exception
Traceback (most recent call last):
  File "/home/airflow/.local/lib/python3.11/site-packages/airflow/operators/python.py", line 192, in execute
    return_value = self.execute_callable()
                   ^^^^^^^^^^^^^^^^^^^^^^^
  File "/home/airflow/.local/lib/python3.11/site-packages/airflow/operators/python.py", line 209, in execute_callable
    return self.python_callable(*self.op_args, **self.op_kwargs)
           ^^^^^^^^^^^^^^^^^^^^^^^^^^^^^^^^^^^^^^^^^^^^^^^^^^^^^
  File "/home/airflow/dags/prediction_dag.py", line 241, in store_predictions
    asyncio.run(store())
  File "/usr/local/lib/python3.11/asyncio/runners.py", line 190, in run
    return runner.run(main)
           ^^^^^^^^^^^^^^^^
  File "/usr/local/lib/python3.11/asyncio/runners.py", line 118, in run
    return self._loop.run_until_complete(task)
           ^^^^^^^^^^^^^^^^^^^^^^^^^^^^^^^^^^^
  File "/usr/local/lib/python3.11/asyncio/base_events.py", line 653, in run_until_complete
    return future.result()
           ^^^^^^^^^^^^^^^
  File "/home/airflow/dags/prediction_dag.py", line 230, in store
    prediction_24h=predictions.get("prediction_24h", 0),
                   ^^^^^^^^^^^^^^^
AttributeError: 'NoneType' object has no attribute 'get'
[2025-12-14T13:21:17.534+0000] {taskinstance.py:1400} INFO - Marking task as UP_FOR_RETRY. dag_id=price_prediction_nightly, task_id=store_predictions, execution_date=20251212T220000, start_date=20251214T132117, end_date=20251214T132117
[2025-12-14T13:21:17.548+0000] {logging_mixin.py:154} WARNING - /home/airflow/.local/lib/python3.11/site-packages/airflow/utils/email.py:154 RemovedInAirflow3Warning: Fetching SMTP credentials from configuration variables will be deprecated in a future release. Please set credentials using a connection instead.
[2025-12-14T13:21:17.549+0000] {configuration.py:1050} WARNING - section/key [smtp/smtp_user] not found in config
[2025-12-14T13:21:17.549+0000] {email.py:270} INFO - Email alerting: attempt 1
[2025-12-14T13:21:17.555+0000] {configuration.py:1050} WARNING - section/key [smtp/smtp_user] not found in config
[2025-12-14T13:21:17.555+0000] {email.py:270} INFO - Email alerting: attempt 1
[2025-12-14T13:21:17.556+0000] {taskinstance.py:2007} ERROR - Failed to send email to: ['alerts@belly.local']
Traceback (most recent call last):
  File "/home/airflow/.local/lib/python3.11/site-packages/airflow/models/taskinstance.py", line 1518, in _run_raw_task
    self._execute_task_with_callbacks(context, test_mode, session=session)
  File "/home/airflow/.local/lib/python3.11/site-packages/airflow/models/taskinstance.py", line 1681, in _execute_task_with_callbacks
    result = self._execute_task(context, task_orig)
             ^^^^^^^^^^^^^^^^^^^^^^^^^^^^^^^^^^^^^^
  File "/home/airflow/.local/lib/python3.11/site-packages/airflow/models/taskinstance.py", line 1744, in _execute_task
    result = execute_callable(context=context, **execute_callable_kwargs)
             ^^^^^^^^^^^^^^^^^^^^^^^^^^^^^^^^^^^^^^^^^^^^^^^^^^^^^^^^^^^^
  File "/home/airflow/.local/lib/python3.11/site-packages/airflow/operators/python.py", line 192, in execute
    return_value = self.execute_callable()
                   ^^^^^^^^^^^^^^^^^^^^^^^
  File "/home/airflow/.local/lib/python3.11/site-packages/airflow/operators/python.py", line 209, in execute_callable
    return self.python_callable(*self.op_args, **self.op_kwargs)
           ^^^^^^^^^^^^^^^^^^^^^^^^^^^^^^^^^^^^^^^^^^^^^^^^^^^^^
  File "/home/airflow/dags/prediction_dag.py", line 241, in store_predictions
    asyncio.run(store())
  File "/usr/local/lib/python3.11/asyncio/runners.py", line 190, in run
    return runner.run(main)
           ^^^^^^^^^^^^^^^^
  File "/usr/local/lib/python3.11/asyncio/runners.py", line 118, in run
    return self._loop.run_until_complete(task)
           ^^^^^^^^^^^^^^^^^^^^^^^^^^^^^^^^^^^
  File "/usr/local/lib/python3.11/asyncio/base_events.py", line 653, in run_until_complete
    return future.result()
           ^^^^^^^^^^^^^^^
  File "/home/airflow/dags/prediction_dag.py", line 230, in store
    prediction_24h=predictions.get("prediction_24h", 0),
                   ^^^^^^^^^^^^^^^
AttributeError: 'NoneType' object has no attribute 'get'

During handling of the above exception, another exception occurred:

Traceback (most recent call last):
  File "/home/airflow/.local/lib/python3.11/site-packages/airflow/models/taskinstance.py", line 2420, in email_alert
    send_email(task.email, subject, html_content)
  File "/home/airflow/.local/lib/python3.11/site-packages/airflow/utils/email.py", line 80, in send_email
    return backend(
           ^^^^^^^^
  File "/home/airflow/.local/lib/python3.11/site-packages/airflow/utils/email.py", line 154, in send_email_smtp
    send_mime_email(e_from=mail_from, e_to=recipients, mime_msg=msg, conn_id=conn_id, dryrun=dryrun)
  File "/home/airflow/.local/lib/python3.11/site-packages/airflow/utils/email.py", line 272, in send_mime_email
    smtp_conn = _get_smtp_connection(smtp_host, smtp_port, smtp_timeout, smtp_ssl)
                ^^^^^^^^^^^^^^^^^^^^^^^^^^^^^^^^^^^^^^^^^^^^^^^^^^^^^^^^^^^^^^^^^^
  File "/home/airflow/.local/lib/python3.11/site-packages/airflow/utils/email.py", line 316, in _get_smtp_connection
    return smtplib.SMTP(host=host, port=port, timeout=timeout)
           ^^^^^^^^^^^^^^^^^^^^^^^^^^^^^^^^^^^^^^^^^^^^^^^^^^^
  File "/usr/local/lib/python3.11/smtplib.py", line 255, in __init__
    (code, msg) = self.connect(host, port)
                  ^^^^^^^^^^^^^^^^^^^^^^^^
  File "/usr/local/lib/python3.11/smtplib.py", line 341, in connect
    self.sock = self._get_socket(host, port, self.timeout)
                ^^^^^^^^^^^^^^^^^^^^^^^^^^^^^^^^^^^^^^^^^^
  File "/usr/local/lib/python3.11/smtplib.py", line 312, in _get_socket
    return socket.create_connection((host, port), timeout,
           ^^^^^^^^^^^^^^^^^^^^^^^^^^^^^^^^^^^^^^^^^^^^^^^
  File "/usr/local/lib/python3.11/socket.py", line 851, in create_connection
    raise exceptions[0]
  File "/usr/local/lib/python3.11/socket.py", line 836, in create_connection
    sock.connect(sa)
ConnectionRefusedError: [Errno 111] Connection refused

During handling of the above exception, another exception occurred:

Traceback (most recent call last):
  File "/home/airflow/.local/lib/python3.11/site-packages/airflow/models/taskinstance.py", line 2005, in handle_failure
    self.email_alert(error, task)
  File "/home/airflow/.local/lib/python3.11/site-packages/airflow/models/taskinstance.py", line 2422, in email_alert
    send_email(task.email, subject, html_content_err)
  File "/home/airflow/.local/lib/python3.11/site-packages/airflow/utils/email.py", line 80, in send_email
    return backend(
           ^^^^^^^^
  File "/home/airflow/.local/lib/python3.11/site-packages/airflow/utils/email.py", line 154, in send_email_smtp
    send_mime_email(e_from=mail_from, e_to=recipients, mime_msg=msg, conn_id=conn_id, dryrun=dryrun)
  File "/home/airflow/.local/lib/python3.11/site-packages/airflow/utils/email.py", line 272, in send_mime_email
    smtp_conn = _get_smtp_connection(smtp_host, smtp_port, smtp_timeout, smtp_ssl)
                ^^^^^^^^^^^^^^^^^^^^^^^^^^^^^^^^^^^^^^^^^^^^^^^^^^^^^^^^^^^^^^^^^^
  File "/home/airflow/.local/lib/python3.11/site-packages/airflow/utils/email.py", line 316, in _get_smtp_connection
    return smtplib.SMTP(host=host, port=port, timeout=timeout)
           ^^^^^^^^^^^^^^^^^^^^^^^^^^^^^^^^^^^^^^^^^^^^^^^^^^^
  File "/usr/local/lib/python3.11/smtplib.py", line 255, in __init__
    (code, msg) = self.connect(host, port)
                  ^^^^^^^^^^^^^^^^^^^^^^^^
  File "/usr/local/lib/python3.11/smtplib.py", line 341, in connect
    self.sock = self._get_socket(host, port, self.timeout)
                ^^^^^^^^^^^^^^^^^^^^^^^^^^^^^^^^^^^^^^^^^^
  File "/usr/local/lib/python3.11/smtplib.py", line 312, in _get_socket
    return socket.create_connection((host, port), timeout,
           ^^^^^^^^^^^^^^^^^^^^^^^^^^^^^^^^^^^^^^^^^^^^^^^
  File "/usr/local/lib/python3.11/socket.py", line 851, in create_connection
    raise exceptions[0]
  File "/usr/local/lib/python3.11/socket.py", line 836, in create_connection
    sock.connect(sa)
ConnectionRefusedError: [Errno 111] Connection refused
[2025-12-14T13:21:17.569+0000] {standard_task_runner.py:104} ERROR - Failed to execute job 8 for task store_predictions ('NoneType' object has no attribute 'get'; 129)
[2025-12-14T13:21:17.579+0000] {local_task_job_runner.py:228} INFO - Task exited with return code 1
[2025-12-14T13:21:17.694+0000] {taskinstance.py:2778} INFO - 0 downstream tasks scheduled from follow-on schedule check
